Symbol range map extraction starting
Processing 15 files
startProcessing "net\smileycorp\api\atlas\IBlockProperties.java" md5: 96296c419edeaa9d2630f2952fc650b7
Cache Hit!
endProcessing "net\smileycorp\api\atlas\IBlockProperties.java"

startProcessing "net\smileycorp\fbiomes\client\ModelRegister.java" md5: 6ee6bcdfe3dc09b4282c680fc96edb36
Cache Hit!
endProcessing "net\smileycorp\fbiomes\client\ModelRegister.java"

startProcessing "net\smileycorp\fbiomes\common\FantasyBiomes.java" md5: a89f99c57d8ebef47c975d7d84b91a9f
Cache Hit!
endProcessing "net\smileycorp\fbiomes\common\FantasyBiomes.java"

startProcessing "net\smileycorp\fbiomes\common\TableHolder.java" md5: 069724782a7b85078df05ee8d0f2d673
Cache Hit!
endProcessing "net\smileycorp\fbiomes\common\TableHolder.java"

startProcessing "net\smileycorp\fbiomes\common\blocks\BlockBrambleBush.java" md5: 9423004676188f5bec1cb87e59434d2d
Cache Hit!
endProcessing "net\smileycorp\fbiomes\common\blocks\BlockBrambleBush.java"

startProcessing "net\smileycorp\fbiomes\common\blocks\BlockLooseRock.java" md5: 11d8270b54bba7d3d6bd678d7d077812
Cache Hit!
endProcessing "net\smileycorp\fbiomes\common\blocks\BlockLooseRock.java"

startProcessing "net\smileycorp\fbiomes\common\blocks\FBiomesBlocks.java" md5: e6556a9a41e82f63bd2fc3d40323002e
Cache Hit!
endProcessing "net\smileycorp\fbiomes\common\blocks\FBiomesBlocks.java"

startProcessing "net\smileycorp\fbiomes\common\entities\damage\BrambleDamage.java" md5: 0761ee0908afc86b82fa474af150a81a
Cache Hit!
endProcessing "net\smileycorp\fbiomes\common\entities\damage\BrambleDamage.java"

startProcessing "net\smileycorp\fbiomes\common\items\FBiomesItems.java" md5: 7a76c7255d7b297f6e5e253f901db53f
Cache Hit!
endProcessing "net\smileycorp\fbiomes\common\items\FBiomesItems.java"

startProcessing "net\smileycorp\fbiomes\common\items\ItemBerries.java" md5: fd3e41ab2852832c530e1ec72bf74d7c
Cache Hit!
endProcessing "net\smileycorp\fbiomes\common\items\ItemBerries.java"

startProcessing "net\smileycorp\fbiomes\common\world\biomes\BiomeFloatingMountain.java" md5: f87241bfffae62ed431c45b748769983
Cache Hit!
endProcessing "net\smileycorp\fbiomes\common\world\biomes\BiomeFloatingMountain.java"

startProcessing "net\smileycorp\fbiomes\common\world\biomes\BiomeIronHills.java" md5: 69fe0ad539b558f404b18a9c56e32651
Cache Hit!
endProcessing "net\smileycorp\fbiomes\common\world\biomes\BiomeIronHills.java"

startProcessing "net\smileycorp\fbiomes\common\world\biomes\BiomePrairie.java" md5: 388a7791c370753f63f22cefe009a145
Cache Hit!
endProcessing "net\smileycorp\fbiomes\common\world\biomes\BiomePrairie.java"

startProcessing "net\smileycorp\fbiomes\common\world\biomes\FBiomes.java" md5: 213e52c27fbbcab61347e44fe99a3825
Cache Hit!
endProcessing "net\smileycorp\fbiomes\common\world\biomes\FBiomes.java"

startProcessing "net\smileycorp\fbiomes\common\world\gen\features\WorldGenBrambles.java" md5: 7be5eea568d0466b0964022aca8ccf95
Cache Hit!
endProcessing "net\smileycorp\fbiomes\common\world\gen\features\WorldGenBrambles.java"

